Using pre-set license
Built from '2022.3/staging' branch; Version is '2022.3.7f1 (b16b3b16c7a0) revision 11627323'; Using compiler version '192829333'; Build Type 'Release'
OS: 'Windows 10  (10.0.19045) 64bit Professional' Language: 'ru' Physical Memory: 8087 MB
BatchMode: 1, IsHumanControllingUs: 0, StartBugReporterOnCrash: 0, Is64bit: 1, IsPro: 1

COMMAND LINE ARGUMENTS:
C:\Program Files\Unity\Hub\Editor\2022.3.7f1\Editor\Unity.exe
-adb2
-batchMode
-noUpm
-name
AssetImportWorker0
-projectPath
C:/Users/Axel/Desktop/2DPlatformer/TheGoblins/Goblins-Bash/Goblins Bash
-logFile
Logs/AssetImportWorker0.log
-srvPort
54083
Successfully changed project path to: C:/Users/Axel/Desktop/2DPlatformer/TheGoblins/Goblins-Bash/Goblins Bash
C:/Users/Axel/Desktop/2DPlatformer/TheGoblins/Goblins-Bash/Goblins Bash
[UnityMemory] Configuration Parameters - Can be set up in boot.config
    "memorysetup-bucket-allocator-granularity=16"
    "memorysetup-bucket-allocator-bucket-count=8"
    "memorysetup-bucket-allocator-block-size=33554432"
    "memorysetup-bucket-allocator-block-count=8"
    "memorysetup-main-allocator-block-size=16777216"
    "memorysetup-thread-allocator-block-size=16777216"
    "memorysetup-gfx-main-allocator-block-size=16777216"
    "memorysetup-gfx-thread-allocator-block-size=16777216"
    "memorysetup-cache-allocator-block-size=4194304"
    "memorysetup-typetree-allocator-block-size=2097152"
    "memorysetup-profiler-bucket-allocator-granularity=16"
    "memorysetup-profiler-bucket-allocator-bucket-count=8"
    "memorysetup-profiler-bucket-allocator-block-size=33554432"
    "memorysetup-profiler-bucket-allocator-block-count=8"
    "memorysetup-profiler-allocator-block-size=16777216"
    "memorysetup-profiler-editor-allocator-block-size=1048576"
    "memorysetup-temp-allocator-size-main=16777216"
    "memorysetup-job-temp-allocator-block-size=2097152"
    "memorysetup-job-temp-allocator-block-size-background=1048576"
    "memorysetup-job-temp-allocator-reduction-small-platforms=262144"
    "memorysetup-allocator-temp-initial-block-size-main=262144"
    "memorysetup-allocator-temp-initial-block-size-worker=262144"
    "memorysetup-temp-allocator-size-background-worker=32768"
    "memorysetup-temp-allocator-size-job-worker=262144"
    "memorysetup-temp-allocator-size-preload-manager=33554432"
    "memorysetup-temp-allocator-size-nav-mesh-worker=65536"
    "memorysetup-temp-allocator-size-audio-worker=65536"
    "memorysetup-temp-allocator-size-cloud-worker=32768"
    "memorysetup-temp-allocator-size-gi-baking-worker=262144"
    "memorysetup-temp-allocator-size-gfx=262144"
Player connection [10852] Host "[IP] 172.28.128.1 [Port] 0 [Flags] 2 [Guid] 1547082280 [EditorId] 1547082280 [Version] 1048832 [Id] WindowsEditor(7,DESKTOP-FO0T8CN) [Debug] 1 [PackageName] WindowsEditor [ProjectName] Editor" joined multi-casting on [225.0.0.222:54997]...

Player connection [10852] Host "[IP] 172.28.128.1 [Port] 0 [Flags] 2 [Guid] 1547082280 [EditorId] 1547082280 [Version] 1048832 [Id] WindowsEditor(7,DESKTOP-FO0T8CN) [Debug] 1 [PackageName] WindowsEditor [ProjectName] Editor" joined alternative multi-casting on [225.0.0.222:34997]...

Refreshing native plugins compatible for Editor in 182.62 ms, found 4 plugins.
Preloading 0 native plugins for Editor in 0.00 ms.
Initialize engine version: 2022.3.7f1 (b16b3b16c7a0)
[Subsystems] Discovering subsystems at path C:/Program Files/Unity/Hub/Editor/2022.3.7f1/Editor/Data/Resources/UnitySubsystems
[Subsystems] Discovering subsystems at path C:/Users/Axel/Desktop/2DPlatformer/TheGoblins/Goblins-Bash/Goblins Bash/Assets
GfxDevice: creating device client; threaded=0; jobified=0
Direct3D:
    Version:  Direct3D 11.0 [level 11.1]
    Renderer: Intel(R) HD Graphics Family (ID=0xa16)
    Vendor:   Intel
    VRAM:     2048 MB
    Driver:   20.19.15.5063
Initialize mono
Mono path[0] = 'C:/Program Files/Unity/Hub/Editor/2022.3.7f1/Editor/Data/Managed'
Mono path[1] = 'C:/Program Files/Unity/Hub/Editor/2022.3.7f1/Editor/Data/MonoBleedingEdge/lib/mono/unityjit-win32'
Mono config path = 'C:/Program Files/Unity/Hub/Editor/2022.3.7f1/Editor/Data/MonoBleedingEdge/etc'
Using monoOptions --debugger-agent=transport=dt_socket,embedding=1,server=y,suspend=n,address=127.0.0.1:56640
Begin MonoManager ReloadAssembly
Registering precompiled unity dll's ...
Register platform support module: C:/Program Files/Unity/Hub/Editor/2022.3.7f1/Editor/Data/PlaybackEngines/WebGLSupport/UnityEditor.WebGL.Extensions.dll
Register platform support module: C:/Program Files/Unity/Hub/Editor/2022.3.7f1/Editor/Data/PlaybackEngines/WindowsStandaloneSupport/UnityEditor.WindowsStandalone.Extensions.dll
Registered in 0.078451 seconds.
- Loaded All Assemblies, in  6.790 seconds
Native extension for WindowsStandalone target not found
Native extension for WebGL target not found
Mono: successfully reloaded assembly
- Finished resetting the current domain, in  2.301 seconds
Domain Reload Profiling: 9086ms
	BeginReloadAssembly (5041ms)
		ExecutionOrderSort (0ms)
		DisableScriptedObjects (0ms)
		BackupInstance (0ms)
		ReleaseScriptingObjects (0ms)
		CreateAndSetChildDomain (3ms)
	RebuildCommonClasses (369ms)
	RebuildNativeTypeToScriptingClass (59ms)
	initialDomainReloadingComplete (482ms)
	LoadAllAssembliesAndSetupDomain (830ms)
		LoadAssemblies (4983ms)
		RebuildTransferFunctionScriptingTraits (0ms)
		AnalyzeDomain (820ms)
			TypeCache.Refresh (807ms)
				TypeCache.ScanAssembly (677ms)
			ScanForSourceGeneratedMonoScriptInfo (7ms)
			ResolveRequiredComponents (5ms)
	FinalizeReload (2305ms)
		ReleaseScriptCaches (0ms)
		RebuildScriptCaches (0ms)
		SetupLoadedEditorAssemblies (1542ms)
			LogAssemblyErrors (0ms)
			InitializePlatformSupportModulesInManaged (72ms)
			SetLoadedEditorAssemblies (23ms)
			RefreshPlugins (0ms)
			BeforeProcessingInitializeOnLoad (16ms)
			ProcessInitializeOnLoadAttributes (1129ms)
			ProcessInitializeOnLoadMethodAttributes (303ms)
			AfterProcessingInitializeOnLoad (0ms)
			EditorAssembliesLoaded (0ms)
		ExecutionOrderSort2 (0ms)
		AwakeInstancesAfterBackupRestoration (0ms)
========================================================================
Worker process is ready to serve import requests
Begin MonoManager ReloadAssembly
Symbol file LoadedFromMemory doesn't match image C:\Users\Axel\Desktop\2DPlatformer\TheGoblins\Goblins-Bash\Goblins Bash\Library\PackageCache\com.unity.visualscripting@1.8.0\Editor\VisualScripting.Core\Dependencies\YamlDotNet\Unity.VisualScripting.YamlDotNet.dll
Symbol file LoadedFromMemory doesn't match image C:\Users\Axel\Desktop\2DPlatformer\TheGoblins\Goblins-Bash\Goblins Bash\Library\PackageCache\com.unity.visualscripting@1.8.0\Editor\VisualScripting.Core\Dependencies\DotNetZip\Unity.VisualScripting.IonicZip.dll
Symbol file LoadedFromMemory is not a mono symbol file
- Loaded All Assemblies, in 13.180 seconds
Refreshing native plugins compatible for Editor in 60.28 ms, found 4 plugins.
Native extension for WindowsStandalone target not found
Native extension for WebGL target not found
Package Manager log level set to [2]
[Package Manager] Server::EnsureServerProcessIsRunning -- launch failed, reason: Unity was launched with the -noUpm command-line argument
[Package Manager] UpmClient::Send -- Unable to send message (not connected to UPM process).
[Package Manager] Cannot connect to Unity Package Manager local server
Mono: successfully reloaded assembly
- Finished resetting the current domain, in 24.991 seconds
Domain Reload Profiling: 38070ms
	BeginReloadAssembly (1759ms)
		ExecutionOrderSort (0ms)
		DisableScriptedObjects (37ms)
		BackupInstance (0ms)
		ReleaseScriptingObjects (1ms)
		CreateAndSetChildDomain (199ms)
	RebuildCommonClasses (278ms)
	RebuildNativeTypeToScriptingClass (136ms)
	initialDomainReloadingComplete (500ms)
	LoadAllAssembliesAndSetupDomain (10401ms)
		LoadAssemblies (7687ms)
		RebuildTransferFunctionScriptingTraits (0ms)
		AnalyzeDomain (3847ms)
			TypeCache.Refresh (3422ms)
				TypeCache.ScanAssembly (3130ms)
			ScanForSourceGeneratedMonoScriptInfo (373ms)
			ResolveRequiredComponents (43ms)
	FinalizeReload (24998ms)
		ReleaseScriptCaches (0ms)
		RebuildScriptCaches (0ms)
		SetupLoadedEditorAssemblies (16463ms)
			LogAssemblyErrors (0ms)
			InitializePlatformSupportModulesInManaged (223ms)
			SetLoadedEditorAssemblies (54ms)
			RefreshPlugins (0ms)
			BeforeProcessingInitializeOnLoad (1763ms)
			ProcessInitializeOnLoadAttributes (14019ms)
			ProcessInitializeOnLoadMethodAttributes (337ms)
			AfterProcessingInitializeOnLoad (66ms)
			EditorAssembliesLoaded (1ms)
		ExecutionOrderSort2 (0ms)
		AwakeInstancesAfterBackupRestoration (74ms)
Launched and connected shader compiler UnityShaderCompiler.exe after 0.61 seconds
Refreshing native plugins compatible for Editor in 91.87 ms, found 4 plugins.
Preloading 0 native plugins for Editor in 0.00 ms.
Unloading 5671 Unused Serialized files (Serialized files now loaded: 0)
Unloading 87 unused Assets / (133.7 KB). Loaded Objects now: 6145.
Memory consumption went from 197.8 MB to 197.6 MB.
Total: 212.614400 ms (FindLiveObjects: 14.880200 ms CreateObjectMapping: 1.922300 ms MarkObjects: 178.863300 ms  DeleteObjects: 16.944900 ms)

AssetImportParameters requested are different than current active one (requested -> active):
  custom:container-demuxer-ogg: 62fdf1f143b41e24485cea50d1cbac27 -> 
  custom:video-codec-MediaFoundation-h265: 746d11721c4dcdbdad8f713fa42b33f4 -> 
  custom:video-decoder-ogg-theora: a1e56fd34408186e4bbccfd4996cb3dc -> 
  custom:framework-win-MediaFoundation: 216162199b28c13a410421893ffa2e32 -> 
  custom:CustomObjectIndexerAttribute: 756ad292c208cfabdd7b50bc23989ffe -> 
  custom:container-demuxer-webm: 4f35f7cbe854078d1ac9338744f61a02 -> 
  custom:container-muxer-webm: aa71ff27fc2769a1b78a27578f13a17b -> 
  custom:video-decoder-webm-vp8: 9c59270c3fd7afecdb556c50c9e8de78 -> 
  custom:SearchIndexIgnoredProperties: e643bd26f0fe6173181afceb89e7c659 -> 
  custom:AudioImporter_EditorPlatform: d09bf68614088b80899f8185d706f6e7 -> 
  custom:video-encoder-webm-vp8: eb34c28f22e8b96e1ab97ce403110664 -> 
  custom:audio-decoder-ogg-vorbis: bf7c407c2cedff20999df2af8eb42d56 -> 
  custom:audio-encoder-webm-vorbis: bf7c407c2cedff20999df2af8eb42d56 -> 
========================================================================
Received Import Request.
  Time since last request: 6650376.302858 seconds.
  path: Assets/Prefabs/CastleElements/HalfTower.prefab
  artifactKey: Guid(7e18e5802635e7d4fbb05c1b59a6fd61) Importer(815301076,1909f56bfc062723c751e8b465ee728b)
Start importing Assets/Prefabs/CastleElements/HalfTower.prefab using Guid(7e18e5802635e7d4fbb05c1b59a6fd61) Importer(815301076,1909f56bfc062723c751e8b465ee728b)  -> (artifact id: '2b25e252d4cd2d3bf087b29beb21e25b') in 1.022558 seconds
Number of updated asset objects reloaded before import = 0
Number of asset objects unloaded after import = 41
========================================================================
Received Import Request.
  Time since last request: 1695.066713 seconds.
  path: Assets/Prefabs/CastleElements/HalfTower.prefab
  artifactKey: Guid(7e18e5802635e7d4fbb05c1b59a6fd61) Importer(815301076,1909f56bfc062723c751e8b465ee728b)
Start importing Assets/Prefabs/CastleElements/HalfTower.prefab using Guid(7e18e5802635e7d4fbb05c1b59a6fd61) Importer(815301076,1909f56bfc062723c751e8b465ee728b)  -> (artifact id: '87ae1fd0a7239b9d694d19a146c91612') in 1.287918 seconds
Number of updated asset objects reloaded before import = 0
Number of asset objects unloaded after import = 114
========================================================================
Received Import Request.
  Time since last request: 23.128338 seconds.
  path: Assets/Prefabs/Delete
  artifactKey: Guid(3a85cc5a33e9c3c40913762fc9b8eea2) Importer(815301076,1909f56bfc062723c751e8b465ee728b)
Start importing Assets/Prefabs/Delete using Guid(3a85cc5a33e9c3c40913762fc9b8eea2) Importer(815301076,1909f56bfc062723c751e8b465ee728b)  -> (artifact id: '47045d5d5cea43e41bb5013b908bd15d') in 0.001966 seconds
Number of updated asset objects reloaded before import = 0
Number of asset objects unloaded after import = 0
========================================================================
Received Import Request.
  Time since last request: 163.215148 seconds.
  path: Assets/Prefabs/NewLoc/Loc.prefab
  artifactKey: Guid(da18c256c0b720d4681bb8e881017a2c) Importer(815301076,1909f56bfc062723c751e8b465ee728b)
Start importing Assets/Prefabs/NewLoc/Loc.prefab using Guid(da18c256c0b720d4681bb8e881017a2c) Importer(815301076,1909f56bfc062723c751e8b465ee728b)  -> (artifact id: '0336977d5b36974b7a6edfba13c9eb2d') in 7.828424 seconds
Number of updated asset objects reloaded before import = 0
Number of asset objects unloaded after import = 5465
========================================================================
Received Import Request.
  Time since last request: 780.344705 seconds.
  path: Assets/Prefabs/CastleElements/Wall.prefab
  artifactKey: Guid(f0cf91f11dec1d145aa2192060167ca1) Importer(815301076,1909f56bfc062723c751e8b465ee728b)
Start importing Assets/Prefabs/CastleElements/Wall.prefab using Guid(f0cf91f11dec1d145aa2192060167ca1) Importer(815301076,1909f56bfc062723c751e8b465ee728b)  -> (artifact id: 'eee3ac65f41baf0c31e431c2afa8117f') in 0.183511 seconds
Number of updated asset objects reloaded before import = 0
Number of asset objects unloaded after import = 45
