Using pre-set license
Built from '2022.3/staging' branch; Version is '2022.3.7f1 (b16b3b16c7a0) revision 11627323'; Using compiler version '192829333'; Build Type 'Release'
OS: 'Windows 10  (10.0.19045) 64bit Professional' Language: 'ru' Physical Memory: 8087 MB
BatchMode: 1, IsHumanControllingUs: 0, StartBugReporterOnCrash: 0, Is64bit: 1, IsPro: 1

COMMAND LINE ARGUMENTS:
C:\Program Files\Unity\Hub\Editor\2022.3.7f1\Editor\Unity.exe
-adb2
-batchMode
-noUpm
-name
AssetImportWorker0
-projectPath
C:/Users/Axel/Desktop/2DPlatformer/TheGoblins/Goblins-Bash/Goblins Bash
-logFile
Logs/AssetImportWorker0.log
-srvPort
62503
Successfully changed project path to: C:/Users/Axel/Desktop/2DPlatformer/TheGoblins/Goblins-Bash/Goblins Bash
C:/Users/Axel/Desktop/2DPlatformer/TheGoblins/Goblins-Bash/Goblins Bash
[UnityMemory] Configuration Parameters - Can be set up in boot.config
    "memorysetup-bucket-allocator-granularity=16"
    "memorysetup-bucket-allocator-bucket-count=8"
    "memorysetup-bucket-allocator-block-size=33554432"
    "memorysetup-bucket-allocator-block-count=8"
    "memorysetup-main-allocator-block-size=16777216"
    "memorysetup-thread-allocator-block-size=16777216"
    "memorysetup-gfx-main-allocator-block-size=16777216"
    "memorysetup-gfx-thread-allocator-block-size=16777216"
    "memorysetup-cache-allocator-block-size=4194304"
    "memorysetup-typetree-allocator-block-size=2097152"
    "memorysetup-profiler-bucket-allocator-granularity=16"
    "memorysetup-profiler-bucket-allocator-bucket-count=8"
    "memorysetup-profiler-bucket-allocator-block-size=33554432"
    "memorysetup-profiler-bucket-allocator-block-count=8"
    "memorysetup-profiler-allocator-block-size=16777216"
    "memorysetup-profiler-editor-allocator-block-size=1048576"
    "memorysetup-temp-allocator-size-main=16777216"
    "memorysetup-job-temp-allocator-block-size=2097152"
    "memorysetup-job-temp-allocator-block-size-background=1048576"
    "memorysetup-job-temp-allocator-reduction-small-platforms=262144"
    "memorysetup-allocator-temp-initial-block-size-main=262144"
    "memorysetup-allocator-temp-initial-block-size-worker=262144"
    "memorysetup-temp-allocator-size-background-worker=32768"
    "memorysetup-temp-allocator-size-job-worker=262144"
    "memorysetup-temp-allocator-size-preload-manager=33554432"
    "memorysetup-temp-allocator-size-nav-mesh-worker=65536"
    "memorysetup-temp-allocator-size-audio-worker=65536"
    "memorysetup-temp-allocator-size-cloud-worker=32768"
    "memorysetup-temp-allocator-size-gi-baking-worker=262144"
    "memorysetup-temp-allocator-size-gfx=262144"
Player connection [18448] Host "[IP] 172.28.128.1 [Port] 0 [Flags] 2 [Guid] 1615618326 [EditorId] 1615618326 [Version] 1048832 [Id] WindowsEditor(7,DESKTOP-FO0T8CN) [Debug] 1 [PackageName] WindowsEditor [ProjectName] Editor" joined multi-casting on [225.0.0.222:54997]...

Player connection [18448] Host "[IP] 172.28.128.1 [Port] 0 [Flags] 2 [Guid] 1615618326 [EditorId] 1615618326 [Version] 1048832 [Id] WindowsEditor(7,DESKTOP-FO0T8CN) [Debug] 1 [PackageName] WindowsEditor [ProjectName] Editor" joined alternative multi-casting on [225.0.0.222:34997]...

Refreshing native plugins compatible for Editor in 103.45 ms, found 4 plugins.
Preloading 0 native plugins for Editor in 0.00 ms.
Initialize engine version: 2022.3.7f1 (b16b3b16c7a0)
[Subsystems] Discovering subsystems at path C:/Program Files/Unity/Hub/Editor/2022.3.7f1/Editor/Data/Resources/UnitySubsystems
[Subsystems] Discovering subsystems at path C:/Users/Axel/Desktop/2DPlatformer/TheGoblins/Goblins-Bash/Goblins Bash/Assets
GfxDevice: creating device client; threaded=0; jobified=0
Direct3D:
    Version:  Direct3D 11.0 [level 11.1]
    Renderer: Intel(R) HD Graphics Family (ID=0xa16)
    Vendor:   Intel
    VRAM:     2048 MB
    Driver:   20.19.15.5063
Initialize mono
Mono path[0] = 'C:/Program Files/Unity/Hub/Editor/2022.3.7f1/Editor/Data/Managed'
Mono path[1] = 'C:/Program Files/Unity/Hub/Editor/2022.3.7f1/Editor/Data/MonoBleedingEdge/lib/mono/unityjit-win32'
Mono config path = 'C:/Program Files/Unity/Hub/Editor/2022.3.7f1/Editor/Data/MonoBleedingEdge/etc'
Using monoOptions --debugger-agent=transport=dt_socket,embedding=1,server=y,suspend=n,address=127.0.0.1:56120
Begin MonoManager ReloadAssembly
Registering precompiled unity dll's ...
Register platform support module: C:/Program Files/Unity/Hub/Editor/2022.3.7f1/Editor/Data/PlaybackEngines/WebGLSupport/UnityEditor.WebGL.Extensions.dll
Register platform support module: C:/Program Files/Unity/Hub/Editor/2022.3.7f1/Editor/Data/PlaybackEngines/WindowsStandaloneSupport/UnityEditor.WindowsStandalone.Extensions.dll
Registered in 0.036096 seconds.
- Loaded All Assemblies, in  1.383 seconds
Native extension for WindowsStandalone target not found
Native extension for WebGL target not found
Mono: successfully reloaded assembly
- Finished resetting the current domain, in  0.820 seconds
Domain Reload Profiling: 2199ms
	BeginReloadAssembly (427ms)
		ExecutionOrderSort (0ms)
		DisableScriptedObjects (0ms)
		BackupInstance (0ms)
		ReleaseScriptingObjects (0ms)
		CreateAndSetChildDomain (2ms)
	RebuildCommonClasses (96ms)
	RebuildNativeTypeToScriptingClass (23ms)
	initialDomainReloadingComplete (177ms)
	LoadAllAssembliesAndSetupDomain (653ms)
		LoadAssemblies (422ms)
		RebuildTransferFunctionScriptingTraits (0ms)
		AnalyzeDomain (646ms)
			TypeCache.Refresh (634ms)
				TypeCache.ScanAssembly (575ms)
			ScanForSourceGeneratedMonoScriptInfo (1ms)
			ResolveRequiredComponents (9ms)
	FinalizeReload (822ms)
		ReleaseScriptCaches (0ms)
		RebuildScriptCaches (0ms)
		SetupLoadedEditorAssemblies (670ms)
			LogAssemblyErrors (0ms)
			InitializePlatformSupportModulesInManaged (36ms)
			SetLoadedEditorAssemblies (30ms)
			RefreshPlugins (0ms)
			BeforeProcessingInitializeOnLoad (16ms)
			ProcessInitializeOnLoadAttributes (456ms)
			ProcessInitializeOnLoadMethodAttributes (132ms)
			AfterProcessingInitializeOnLoad (0ms)
			EditorAssembliesLoaded (0ms)
		ExecutionOrderSort2 (0ms)
		AwakeInstancesAfterBackupRestoration (0ms)
========================================================================
Worker process is ready to serve import requests
Begin MonoManager ReloadAssembly
Symbol file LoadedFromMemory doesn't match image C:\Users\Axel\Desktop\2DPlatformer\TheGoblins\Goblins-Bash\Goblins Bash\Library\PackageCache\com.unity.visualscripting@1.8.0\Editor\VisualScripting.Core\Dependencies\YamlDotNet\Unity.VisualScripting.YamlDotNet.dll
Symbol file LoadedFromMemory doesn't match image C:\Users\Axel\Desktop\2DPlatformer\TheGoblins\Goblins-Bash\Goblins Bash\Library\PackageCache\com.unity.visualscripting@1.8.0\Editor\VisualScripting.Core\Dependencies\DotNetZip\Unity.VisualScripting.IonicZip.dll
Symbol file LoadedFromMemory is not a mono symbol file
- Loaded All Assemblies, in 517.593 seconds
Refreshing native plugins compatible for Editor in 5927.85 ms, found 4 plugins.
Native extension for WindowsStandalone target not found
Native extension for WebGL target not found
Package Manager log level set to [2]
[Package Manager] Server::EnsureServerProcessIsRunning -- launch failed, reason: Unity was launched with the -noUpm command-line argument
[Package Manager] UpmClient::Send -- Unable to send message (not connected to UPM process).
[Package Manager] Cannot connect to Unity Package Manager local server
Mono: successfully reloaded assembly
- Finished resetting the current domain, in 131.131 seconds
Domain Reload Profiling: 660961ms
	BeginReloadAssembly (1982ms)
		ExecutionOrderSort (0ms)
		DisableScriptedObjects (72ms)
		BackupInstance (0ms)
		ReleaseScriptingObjects (1ms)
		CreateAndSetChildDomain (402ms)
	RebuildCommonClasses (366ms)
	RebuildNativeTypeToScriptingClass (315ms)
	initialDomainReloadingComplete (26039ms)
	LoadAllAssembliesAndSetupDomain (501123ms)
		LoadAssemblies (284834ms)
		RebuildTransferFunctionScriptingTraits (0ms)
		AnalyzeDomain (199110ms)
			TypeCache.Refresh (198476ms)
				TypeCache.ScanAssembly (167828ms)
			ScanForSourceGeneratedMonoScriptInfo (533ms)
			ResolveRequiredComponents (90ms)
	FinalizeReload (131135ms)
		ReleaseScriptCaches (0ms)
		RebuildScriptCaches (0ms)
		SetupLoadedEditorAssemblies (107508ms)
			LogAssemblyErrors (0ms)
			InitializePlatformSupportModulesInManaged (70ms)
			SetLoadedEditorAssemblies (54ms)
			RefreshPlugins (0ms)
			BeforeProcessingInitializeOnLoad (25416ms)
			ProcessInitializeOnLoadAttributes (81552ms)
			ProcessInitializeOnLoadMethodAttributes (376ms)
			AfterProcessingInitializeOnLoad (39ms)
			EditorAssembliesLoaded (1ms)
		ExecutionOrderSort2 (0ms)
		AwakeInstancesAfterBackupRestoration (36ms)
Launched and connected shader compiler UnityShaderCompiler.exe after 1.48 seconds
Refreshing native plugins compatible for Editor in 89.11 ms, found 4 plugins.
Preloading 0 native plugins for Editor in 0.00 ms.
Unloading 5671 Unused Serialized files (Serialized files now loaded: 0)
Unloading 87 unused Assets / (124.3 KB). Loaded Objects now: 6145.
Memory consumption went from 197.9 MB to 197.8 MB.
Total: 67.727000 ms (FindLiveObjects: 2.028700 ms CreateObjectMapping: 1.259400 ms MarkObjects: 56.536800 ms  DeleteObjects: 7.899200 ms)

AssetImportParameters requested are different than current active one (requested -> active):
  custom:container-demuxer-ogg: 62fdf1f143b41e24485cea50d1cbac27 -> 
  custom:video-codec-MediaFoundation-h265: 746d11721c4dcdbdad8f713fa42b33f4 -> 
  custom:video-decoder-ogg-theora: a1e56fd34408186e4bbccfd4996cb3dc -> 
  custom:framework-win-MediaFoundation: 216162199b28c13a410421893ffa2e32 -> 
  custom:CustomObjectIndexerAttribute: 756ad292c208cfabdd7b50bc23989ffe -> 
  custom:container-demuxer-webm: 4f35f7cbe854078d1ac9338744f61a02 -> 
  custom:container-muxer-webm: aa71ff27fc2769a1b78a27578f13a17b -> 
  custom:video-decoder-webm-vp8: 9c59270c3fd7afecdb556c50c9e8de78 -> 
  custom:SearchIndexIgnoredProperties: e643bd26f0fe6173181afceb89e7c659 -> 
  custom:AudioImporter_EditorPlatform: d09bf68614088b80899f8185d706f6e7 -> 
  custom:video-encoder-webm-vp8: eb34c28f22e8b96e1ab97ce403110664 -> 
  custom:audio-decoder-ogg-vorbis: bf7c407c2cedff20999df2af8eb42d56 -> 
  custom:audio-encoder-webm-vorbis: bf7c407c2cedff20999df2af8eb42d56 -> 
========================================================================
Received Import Request.
  Time since last request: 6672608.064678 seconds.
  path: Assets/2_Prefabs/NewLoc/Loc.prefab
  artifactKey: Guid(da18c256c0b720d4681bb8e881017a2c) Importer(815301076,1909f56bfc062723c751e8b465ee728b)
Start importing Assets/2_Prefabs/NewLoc/Loc.prefab using Guid(da18c256c0b720d4681bb8e881017a2c) Importer(815301076,1909f56bfc062723c751e8b465ee728b)  -> (artifact id: '7663628971926079aca769a81b666c43') in 4.492754 seconds
Number of updated asset objects reloaded before import = 0
Number of asset objects unloaded after import = 5465
========================================================================
Received Import Request.
  Time since last request: 0.000102 seconds.
  path: Assets/Downloaded/Prefabs/wall.prefab
  artifactKey: Guid(000322297e7f142429a2a99918eb3156) Importer(815301076,1909f56bfc062723c751e8b465ee728b)
Start importing Assets/Downloaded/Prefabs/wall.prefab using Guid(000322297e7f142429a2a99918eb3156) Importer(815301076,1909f56bfc062723c751e8b465ee728b)  -> (artifact id: '42799580596c88896b47063860fc402a') in 4.988010 seconds
Number of updated asset objects reloaded before import = 0
Number of asset objects unloaded after import = 147
========================================================================
Received Import Request.
  Time since last request: 0.001224 seconds.
  path: Assets/2_Prefabs/NewLoc/Loc2.prefab
  artifactKey: Guid(4aaf3f1ca5e41534eb02be8de19ce317) Importer(815301076,1909f56bfc062723c751e8b465ee728b)
Start importing Assets/2_Prefabs/NewLoc/Loc2.prefab using Guid(4aaf3f1ca5e41534eb02be8de19ce317) Importer(815301076,1909f56bfc062723c751e8b465ee728b)  -> (artifact id: 'd31d60244c964c279e3506cdabdbddd0') in 0.677801 seconds
Number of updated asset objects reloaded before import = 0
Number of asset objects unloaded after import = 1870
========================================================================
Received Import Request.
  Time since last request: 27.837116 seconds.
  path: Assets/Downloaded/Prefabs/CastleElements/Door.prefab
  artifactKey: Guid(7af712e248584b0499bd860d831bfe80) Importer(815301076,1909f56bfc062723c751e8b465ee728b)
Start importing Assets/Downloaded/Prefabs/CastleElements/Door.prefab using Guid(7af712e248584b0499bd860d831bfe80) Importer(815301076,1909f56bfc062723c751e8b465ee728b)  -> (artifact id: 'fd3edf570c73b40e20a632f855faa610') in 24.592385 seconds
Number of updated asset objects reloaded before import = 0
Number of asset objects unloaded after import = 19
========================================================================
Received Import Request.
  Time since last request: 0.000532 seconds.
  path: Assets/Downloaded/Prefabs/Delete/Lvl-2.prefab
  artifactKey: Guid(a51a0c1972cbe7947b0e7d6106b2b498) Importer(815301076,1909f56bfc062723c751e8b465ee728b)
Start importing Assets/Downloaded/Prefabs/Delete/Lvl-2.prefab using Guid(a51a0c1972cbe7947b0e7d6106b2b498) Importer(815301076,1909f56bfc062723c751e8b465ee728b) d3d11: failed to create 2D texture id=74 width=2048 height=2048 mips=12 dxgifmt=72 [D3D error was 887a0005]
UnityEngine.StackTraceUtility:ExtractStackTrace ()
UnityEditor.PreviewRenderUtility:Render (bool,bool)
UnityEditor.GameObjectInspector:DoRenderPreview (UnityEditor.GameObjectInspector/PreviewData)
UnityEditor.GameObjectInspector:RenderStaticPreview (string,UnityEngine.Object[],int,int)
UnityEditor.AssetPreviewUpdater:CreatePreview (UnityEngine.Object,UnityEngine.Object[],string,int,int)
UnityEditor.AssetPreviewUpdater:CreatePreviewForAsset (UnityEngine.Object,UnityEngine.Object[],string)

[C:\build\output\unity\unity\Runtime\GfxDevice\d3d11\TexturesD3D11.cpp line 883]

d3d11: failed to create 2D texture shader resource view id=74 [D3D error was 80070057]
UnityEngine.StackTraceUtility:ExtractStackTrace ()
UnityEditor.PreviewRenderUtility:Render (bool,bool)
UnityEditor.GameObjectInspector:DoRenderPreview (UnityEditor.GameObjectInspector/PreviewData)
UnityEditor.GameObjectInspector:RenderStaticPreview (string,UnityEngine.Object[],int,int)
UnityEditor.AssetPreviewUpdater:CreatePreview (UnityEngine.Object,UnityEngine.Object[],string,int,int)
UnityEditor.AssetPreviewUpdater:CreatePreviewForAsset (UnityEngine.Object,UnityEngine.Object[],string)

[C:\build\output\unity\unity\Runtime\GfxDevice\d3d11\TexturesD3D11.cpp line 682]

d3d11: Failed to create 2D texture in GfxDeviceD3D11
UnityEngine.StackTraceUtility:ExtractStackTrace ()
UnityEditor.PreviewRenderUtility:Render (bool,bool)
UnityEditor.GameObjectInspector:DoRenderPreview (UnityEditor.GameObjectInspector/PreviewData)
UnityEditor.GameObjectInspector:RenderStaticPreview (string,UnityEngine.Object[],int,int)
UnityEditor.AssetPreviewUpdater:CreatePreview (UnityEngine.Object,UnityEngine.Object[],string,int,int)
UnityEditor.AssetPreviewUpdater:CreatePreviewForAsset (UnityEngine.Object,UnityEngine.Object[],string)

[C:\build\output\unity\unity\Runtime\GfxDevice\d3d11\TexturesD3D11.cpp line 1263]

d3d11: failed to create 2D texture id=75 width=2048 height=2048 mips=12 dxgifmt=77 [D3D error was 887a0005]
UnityEngine.StackTraceUtility:ExtractStackTrace ()
UnityEditor.PreviewRenderUtility:Render (bool,bool)
UnityEditor.GameObjectInspector:DoRenderPreview (UnityEditor.GameObjectInspector/PreviewData)
UnityEditor.GameObjectInspector:RenderStaticPreview (string,UnityEngine.Object[],int,int)
UnityEditor.AssetPreviewUpdater:CreatePreview (UnityEngine.Object,UnityEngine.Object[],string,int,int)
UnityEditor.AssetPreviewUpdater:CreatePreviewForAsset (UnityEngine.Object,UnityEngine.Object[],string)

[C:\build\output\unity\unity\Runtime\GfxDevice\d3d11\TexturesD3D11.cpp line 883]

d3d11: failed to create 2D texture shader resource view id=75 [D3D error was 80070057]
UnityEngine.StackTraceUtility:ExtractStackTrace ()
UnityEditor.PreviewRenderUtility:Render (bool,bool)
UnityEditor.GameObjectInspector:DoRenderPreview (UnityEditor.GameObjectInspector/PreviewData)
UnityEditor.GameObjectInspector:RenderStaticPreview (string,UnityEngine.Object[],int,int)
UnityEditor.AssetPreviewUpdater:CreatePreview (UnityEngine.Object,UnityEngine.Object[],string,int,int)
UnityEditor.AssetPreviewUpdater:CreatePreviewForAsset (UnityEngine.Object,UnityEngine.Object[],string)

[C:\build\output\unity\unity\Runtime\GfxDevice\d3d11\TexturesD3D11.cpp line 682]

d3d11: Failed to create 2D texture in GfxDeviceD3D11
UnityEngine.StackTraceUtility:ExtractStackTrace ()
UnityEditor.PreviewRenderUtility:Render (bool,bool)
UnityEditor.GameObjectInspector:DoRenderPreview (UnityEditor.GameObjectInspector/PreviewData)
UnityEditor.GameObjectInspector:RenderStaticPreview (string,UnityEngine.Object[],int,int)
UnityEditor.AssetPreviewUpdater:CreatePreview (UnityEngine.Object,UnityEngine.Object[],string,int,int)
UnityEditor.AssetPreviewUpdater:CreatePreviewForAsset (UnityEngine.Object,UnityEngine.Object[],string)

[C:\build\output\unity\unity\Runtime\GfxDevice\d3d11\TexturesD3D11.cpp line 1263]

D3D shader create error for vertex shader [0x887a0005]
D3D shader create error for vertex shader [0x887a0005]
D3D shader create error for vertex shader [0x887a0005]
D3D shader create error for vertex shader [0x887a0005]
An error occurred with the replacement pass "<Unnamed Pass 0>" from the shader "Hidden/InternalErrorShader". The built-in corresponding shader pass has been used as a fallback.
UnityEngine.StackTraceUtility:ExtractStackTrace ()
UnityEditor.PreviewRenderUtility:Render (bool,bool)
UnityEditor.GameObjectInspector:DoRenderPreview (UnityEditor.GameObjectInspector/PreviewData)
UnityEditor.GameObjectInspector:RenderStaticPreview (string,UnityEngine.Object[],int,int)
UnityEditor.AssetPreviewUpdater:CreatePreview (UnityEngine.Object,UnityEngine.Object[],string,int,int)
UnityEditor.AssetPreviewUpdater:CreatePreviewForAsset (UnityEngine.Object,UnityEngine.Object[],string)

[ line 0]

d3d11: failed to lock buffer 000001F28517F178 of size 1048576 [0x8007000E].
d3d11: failed to create 2D texture id=76 width=128 height=128 mips=1 dxgifmt=29 [D3D error was 887a0005]
UnityEngine.StackTraceUtility:ExtractStackTrace ()
UnityEngine.Texture2D:Internal_Create (UnityEngine.Texture2D,int,int,int,UnityEngine.Experimental.Rendering.GraphicsFormat,UnityEngine.TextureColorSpace,UnityEngine.Experimental.Rendering.TextureCreationFlags,intptr,string)
UnityEngine.Texture2D:.ctor (int,int,UnityEngine.TextureFormat,int,bool,intptr,bool,bool,string)
UnityEngine.Texture2D:.ctor (int,int,UnityEngine.TextureFormat,bool,bool)
UnityEditor.PreviewRenderUtility:EndStaticPreview ()
UnityEditor.GameObjectInspector:RenderStaticPreview (string,UnityEngine.Object[],int,int)
UnityEditor.AssetPreviewUpdater:CreatePreview (UnityEngine.Object,UnityEngine.Object[],string,int,int)
UnityEditor.AssetPreviewUpdater:CreatePreviewForAsset (UnityEngine.Object,UnityEngine.Object[],string)

[C:\build\output\unity\unity\Runtime\GfxDevice\d3d11\TexturesD3D11.cpp line 883]

d3d11: failed to create 2D texture shader resource view id=76 [D3D error was 80070057]
UnityEngine.StackTraceUtility:ExtractStackTrace ()
UnityEngine.Texture2D:Internal_Create (UnityEngine.Texture2D,int,int,int,UnityEngine.Experimental.Rendering.GraphicsFormat,UnityEngine.TextureColorSpace,UnityEngine.Experimental.Rendering.TextureCreationFlags,intptr,string)
UnityEngine.Texture2D:.ctor (int,int,UnityEngine.TextureFormat,int,bool,intptr,bool,bool,string)
UnityEngine.Texture2D:.ctor (int,int,UnityEngine.TextureFormat,bool,bool)
UnityEditor.PreviewRenderUtility:EndStaticPreview ()
UnityEditor.GameObjectInspector:RenderStaticPreview (string,UnityEngine.Object[],int,int)
UnityEditor.AssetPreviewUpdater:CreatePreview (UnityEngine.Object,UnityEngine.Object[],string,int,int)
UnityEditor.AssetPreviewUpdater:CreatePreviewForAsset (UnityEngine.Object,UnityEngine.Object[],string)

[C:\build\output\unity\unity\Runtime\GfxDevice\d3d11\TexturesD3D11.cpp line 682]

d3d11: Failed to create 2D texture in GfxDeviceD3D11
UnityEngine.StackTraceUtility:ExtractStackTrace ()
UnityEngine.Texture2D:Internal_Create (UnityEngine.Texture2D,int,int,int,UnityEngine.Experimental.Rendering.GraphicsFormat,UnityEngine.TextureColorSpace,UnityEngine.Experimental.Rendering.TextureCreationFlags,intptr,string)
UnityEngine.Texture2D:.ctor (int,int,UnityEngine.TextureFormat,int,bool,intptr,bool,bool,string)
UnityEngine.Texture2D:.ctor (int,int,UnityEngine.TextureFormat,bool,bool)
UnityEditor.PreviewRenderUtility:EndStaticPreview ()
UnityEditor.GameObjectInspector:RenderStaticPreview (string,UnityEngine.Object[],int,int)
UnityEditor.AssetPreviewUpdater:CreatePreview (UnityEngine.Object,UnityEngine.Object[],string,int,int)
UnityEditor.AssetPreviewUpdater:CreatePreviewForAsset (UnityEngine.Object,UnityEngine.Object[],string)

[C:\build\output\unity\unity\Runtime\GfxDevice\d3d11\TexturesD3D11.cpp line 1263]

d3d11: Failed to create 2D texture in GfxDeviceD3D11
UnityEngine.StackTraceUtility:ExtractStackTrace ()
UnityEngine.Texture2D:Apply (bool,bool)
UnityEngine.Texture2D:Apply ()
UnityEditor.PreviewRenderUtility:EndStaticPreview ()
UnityEditor.GameObjectInspector:RenderStaticPreview (string,UnityEngine.Object[],int,int)
UnityEditor.AssetPreviewUpdater:CreatePreview (UnityEngine.Object,UnityEngine.Object[],string,int,int)
UnityEditor.AssetPreviewUpdater:CreatePreviewForAsset (UnityEngine.Object,UnityEngine.Object[],string)

[C:\build\output\unity\unity\Runtime\GfxDevice\d3d11\TexturesD3D11.cpp line 1263]

d3d11: failed to create 2D texture id=77 width=512 height=512 mips=10 dxgifmt=72 [D3D error was 887a0005]
d3d11: failed to create 2D texture shader resource view id=77 [D3D error was 80070057]
d3d11: Failed to create 2D texture in GfxDeviceD3D11
d3d11: failed to create 2D texture id=78 width=1024 height=1024 mips=11 dxgifmt=78 [D3D error was 887a0005]
d3d11: failed to create 2D texture shader resource view id=78 [D3D error was 80070057]
d3d11: Failed to create 2D texture in GfxDeviceD3D11
 -> (artifact id: '6a8387e19db5802f60889005313e3d10') in 12.532977 seconds
Number of updated asset objects reloaded before import = 0
Number of asset objects unloaded after import = 336
========================================================================
Received Import Request.
  Time since last request: 0.000055 seconds.
  path: Assets/Downloaded/Prefabs/Delete/Goblins_Outpost_1.prefab
  artifactKey: Guid(08d81f0d5f149ef4d8806a759c811772) Importer(815301076,1909f56bfc062723c751e8b465ee728b)
Start importing Assets/Downloaded/Prefabs/Delete/Goblins_Outpost_1.prefab using Guid(08d81f0d5f149ef4d8806a759c811772) Importer(815301076,1909f56bfc062723c751e8b465ee728b) d3d11: failed to create 2D texture id=79 width=512 height=512 mips=1 dxgifmt=65 [D3D error was 887a0005]
d3d11: failed to create 2D texture shader resource view id=79 [D3D error was 80070057]
d3d11: Failed to create 2D texture in GfxDeviceD3D11
d3d11: failed to create 2D texture id=80 width=256 height=256 mips=1 dxgifmt=65 [D3D error was 887a0005]
d3d11: failed to create 2D texture shader resource view id=80 [D3D error was 80070057]
d3d11: Failed to create 2D texture in GfxDeviceD3D11
Assertion failed on expression: 'texture'

=================================================================
	Native Crash Reporting
=================================================================
Got a UNKNOWN while executing native code. This usually indicates
a fatal error in the mono runtime or one of the native libraries 
used by your application.
=================================================================

=================================================================
	Managed Stacktrace:
=================================================================
=================================================================
Received signal SIGSEGV
Obtained 30 stack frames
0x00007ff704756de7 (Unity) GfxDeviceD3D11Base::UploadTextureSubData2DImpl
0x00007ff7044fe918 (Unity) GfxDevice::UploadTextureSubData2D
0x00007ff70480065b (Unity) GfxDeviceClient::UploadTextureSubData2DImpl
0x00007ff7044fe918 (Unity) GfxDevice::UploadTextureSubData2D
0x00007ff704c155fc (Unity) TextRenderingPrivate::FontImpl::ResetCachedTexture
0x00007ff704c0edab (Unity) TextRenderingPrivate::FontImpl::AwakeFromLoadImpl
0x00007ff7046ae39d (Unity) AwakeFromLoadQueue::InvokePersistentManagerAwake
0x00007ff7046af371 (Unity) AwakeFromLoadQueue::PersistentManagerSingleQueueAwakeFromLoad
0x00007ff7046aefe0 (Unity) AwakeFromLoadQueue::PersistentManagerAwakeFromLoad_NoChecks
0x00007ff7046807cf (Unity) PersistentManager::IntegrateAllThreadedObjects
0x00007ff7046810f0 (Unity) PersistentManager::LoadAndIntegrateAllPreallocatedObjects
0x00007ff7046854e2 (Unity) PersistentManager::ReadObject
0x00007ff70597f223 (Unity) WritePreviews
0x00007ff70597633f (Unity) PreviewImporter::GenerateAssetData
0x00007ff7059c0495 (Unity) ImportToObjects
0x00007ff7059bf47c (Unity) ImportAsset
0x00007ff7059e42c8 (Unity) AssetImportWorker::Import
0x00007ff705a4bc92 (Unity) <lambda_183697078dc22ecb201e4599e9982eaf>::operator()
0x00007ff705a879b2 (Unity) asio::detail::completion_handler<core::mutable_function<void __cdecl(void)>,asio::io_context::basic_executor_type<std::allocator<void>,0> >::do_complete
0x00007ff705a7395e (Unity) asio::detail::win_iocp_io_context::do_one
0x00007ff705a755c4 (Unity) asio::detail::win_iocp_io_context::run
0x00007ff705a85d5c (Unity) IOService::Run
0x00007ff705a5a51f (Unity) AssetImportWorkerClient::Run
0x00007ff705a250d7 (Unity) RunAssetImportWorkerClientV2
0x00007ff705a2515b (Unity) RunAssetImporterV2
0x00007ff705229271 (Unity) Application::InitializeProject
0x00007ff7056af1a5 (Unity) WinMain
0x00007ff706a98bae (Unity) __scrt_common_main_seh
0x00007fff0b0f7344 (KERNEL32) BaseThreadInitThunk
0x00007fff0c2c26b1 (ntdll) RtlUserThreadStart

