Using pre-set license
Built from '2022.3/staging' branch; Version is '2022.3.7f1 (b16b3b16c7a0) revision 11627323'; Using compiler version '192829333'; Build Type 'Release'
OS: 'Windows 10  (10.0.19045) 64bit Professional' Language: 'ru' Physical Memory: 8087 MB
BatchMode: 1, IsHumanControllingUs: 0, StartBugReporterOnCrash: 0, Is64bit: 1, IsPro: 1

COMMAND LINE ARGUMENTS:
C:\Program Files\Unity\Hub\Editor\2022.3.7f1\Editor\Unity.exe
-adb2
-batchMode
-noUpm
-name
AssetImportWorker1
-projectPath
C:/Users/Axel/Desktop/2DPlatformer/TheGoblins/Goblins-Bash/Goblins Bash
-logFile
Logs/AssetImportWorker1.log
-srvPort
62503
Successfully changed project path to: C:/Users/Axel/Desktop/2DPlatformer/TheGoblins/Goblins-Bash/Goblins Bash
C:/Users/Axel/Desktop/2DPlatformer/TheGoblins/Goblins-Bash/Goblins Bash
[UnityMemory] Configuration Parameters - Can be set up in boot.config
    "memorysetup-bucket-allocator-granularity=16"
    "memorysetup-bucket-allocator-bucket-count=8"
    "memorysetup-bucket-allocator-block-size=33554432"
    "memorysetup-bucket-allocator-block-count=8"
    "memorysetup-main-allocator-block-size=16777216"
    "memorysetup-thread-allocator-block-size=16777216"
    "memorysetup-gfx-main-allocator-block-size=16777216"
    "memorysetup-gfx-thread-allocator-block-size=16777216"
    "memorysetup-cache-allocator-block-size=4194304"
    "memorysetup-typetree-allocator-block-size=2097152"
    "memorysetup-profiler-bucket-allocator-granularity=16"
    "memorysetup-profiler-bucket-allocator-bucket-count=8"
    "memorysetup-profiler-bucket-allocator-block-size=33554432"
    "memorysetup-profiler-bucket-allocator-block-count=8"
    "memorysetup-profiler-allocator-block-size=16777216"
    "memorysetup-profiler-editor-allocator-block-size=1048576"
    "memorysetup-temp-allocator-size-main=16777216"
    "memorysetup-job-temp-allocator-block-size=2097152"
    "memorysetup-job-temp-allocator-block-size-background=1048576"
    "memorysetup-job-temp-allocator-reduction-small-platforms=262144"
    "memorysetup-allocator-temp-initial-block-size-main=262144"
    "memorysetup-allocator-temp-initial-block-size-worker=262144"
    "memorysetup-temp-allocator-size-background-worker=32768"
    "memorysetup-temp-allocator-size-job-worker=262144"
    "memorysetup-temp-allocator-size-preload-manager=33554432"
    "memorysetup-temp-allocator-size-nav-mesh-worker=65536"
    "memorysetup-temp-allocator-size-audio-worker=65536"
    "memorysetup-temp-allocator-size-cloud-worker=32768"
    "memorysetup-temp-allocator-size-gi-baking-worker=262144"
    "memorysetup-temp-allocator-size-gfx=262144"
Player connection [25864] Host "[IP] 172.28.128.1 [Port] 0 [Flags] 2 [Guid] 1908751872 [EditorId] 1908751872 [Version] 1048832 [Id] WindowsEditor(7,DESKTOP-FO0T8CN) [Debug] 1 [PackageName] WindowsEditor [ProjectName] Editor" joined multi-casting on [225.0.0.222:54997]...

Player connection [25864] Host "[IP] 172.28.128.1 [Port] 0 [Flags] 2 [Guid] 1908751872 [EditorId] 1908751872 [Version] 1048832 [Id] WindowsEditor(7,DESKTOP-FO0T8CN) [Debug] 1 [PackageName] WindowsEditor [ProjectName] Editor" joined alternative multi-casting on [225.0.0.222:34997]...

Refreshing native plugins compatible for Editor in 635.37 ms, found 4 plugins.
Preloading 0 native plugins for Editor in 0.00 ms.
Initialize engine version: 2022.3.7f1 (b16b3b16c7a0)
[Subsystems] Discovering subsystems at path C:/Program Files/Unity/Hub/Editor/2022.3.7f1/Editor/Data/Resources/UnitySubsystems
[Subsystems] Discovering subsystems at path C:/Users/Axel/Desktop/2DPlatformer/TheGoblins/Goblins-Bash/Goblins Bash/Assets
GfxDevice: creating device client; threaded=0; jobified=0
Direct3D:
    Version:  Direct3D 11.0 [level 11.1]
    Renderer: Intel(R) HD Graphics Family (ID=0xa16)
    Vendor:   Intel
    VRAM:     2048 MB
    Driver:   20.19.15.5063
Initialize mono
Mono path[0] = 'C:/Program Files/Unity/Hub/Editor/2022.3.7f1/Editor/Data/Managed'
Mono path[1] = 'C:/Program Files/Unity/Hub/Editor/2022.3.7f1/Editor/Data/MonoBleedingEdge/lib/mono/unityjit-win32'
Mono config path = 'C:/Program Files/Unity/Hub/Editor/2022.3.7f1/Editor/Data/MonoBleedingEdge/etc'
Using monoOptions --debugger-agent=transport=dt_socket,embedding=1,server=y,suspend=n,address=127.0.0.1:56748
Begin MonoManager ReloadAssembly
Registering precompiled unity dll's ...
Register platform support module: C:/Program Files/Unity/Hub/Editor/2022.3.7f1/Editor/Data/PlaybackEngines/WebGLSupport/UnityEditor.WebGL.Extensions.dll
Register platform support module: C:/Program Files/Unity/Hub/Editor/2022.3.7f1/Editor/Data/PlaybackEngines/WindowsStandaloneSupport/UnityEditor.WindowsStandalone.Extensions.dll
Registered in 0.086796 seconds.
- Loaded All Assemblies, in  2.818 seconds
Native extension for WindowsStandalone target not found
Native extension for WebGL target not found
Mono: successfully reloaded assembly
- Finished resetting the current domain, in  2.019 seconds
Domain Reload Profiling: 4833ms
	BeginReloadAssembly (1080ms)
		ExecutionOrderSort (0ms)
		DisableScriptedObjects (0ms)
		BackupInstance (0ms)
		ReleaseScriptingObjects (0ms)
		CreateAndSetChildDomain (2ms)
	RebuildCommonClasses (181ms)
	RebuildNativeTypeToScriptingClass (46ms)
	initialDomainReloadingComplete (257ms)
	LoadAllAssembliesAndSetupDomain (1249ms)
		LoadAssemblies (1069ms)
		RebuildTransferFunctionScriptingTraits (0ms)
		AnalyzeDomain (1242ms)
			TypeCache.Refresh (1239ms)
				TypeCache.ScanAssembly (1120ms)
			ScanForSourceGeneratedMonoScriptInfo (1ms)
			ResolveRequiredComponents (1ms)
	FinalizeReload (2021ms)
		ReleaseScriptCaches (0ms)
		RebuildScriptCaches (0ms)
		SetupLoadedEditorAssemblies (1749ms)
			LogAssemblyErrors (0ms)
			InitializePlatformSupportModulesInManaged (337ms)
			SetLoadedEditorAssemblies (28ms)
			RefreshPlugins (0ms)
			BeforeProcessingInitializeOnLoad (17ms)
			ProcessInitializeOnLoadAttributes (1201ms)
			ProcessInitializeOnLoadMethodAttributes (166ms)
			AfterProcessingInitializeOnLoad (0ms)
			EditorAssembliesLoaded (0ms)
		ExecutionOrderSort2 (0ms)
		AwakeInstancesAfterBackupRestoration (0ms)
========================================================================
Worker process is ready to serve import requests
Begin MonoManager ReloadAssembly
Symbol file LoadedFromMemory doesn't match image C:\Users\Axel\Desktop\2DPlatformer\TheGoblins\Goblins-Bash\Goblins Bash\Library\PackageCache\com.unity.visualscripting@1.8.0\Editor\VisualScripting.Core\Dependencies\YamlDotNet\Unity.VisualScripting.YamlDotNet.dll
Symbol file LoadedFromMemory doesn't match image C:\Users\Axel\Desktop\2DPlatformer\TheGoblins\Goblins-Bash\Goblins Bash\Library\PackageCache\com.unity.visualscripting@1.8.0\Editor\VisualScripting.Core\Dependencies\DotNetZip\Unity.VisualScripting.IonicZip.dll
Symbol file LoadedFromMemory is not a mono symbol file
- Loaded All Assemblies, in  2.947 seconds
Refreshing native plugins compatible for Editor in 38.93 ms, found 4 plugins.
Native extension for WindowsStandalone target not found
Native extension for WebGL target not found
Package Manager log level set to [2]
[Package Manager] Server::EnsureServerProcessIsRunning -- launch failed, reason: Unity was launched with the -noUpm command-line argument
[Package Manager] UpmClient::Send -- Unable to send message (not connected to UPM process).
[Package Manager] Cannot connect to Unity Package Manager local server
Mono: successfully reloaded assembly
- Finished resetting the current domain, in  2.128 seconds
Domain Reload Profiling: 5061ms
	BeginReloadAssembly (417ms)
		ExecutionOrderSort (0ms)
		DisableScriptedObjects (18ms)
		BackupInstance (0ms)
		ReleaseScriptingObjects (0ms)
		CreateAndSetChildDomain (49ms)
	RebuildCommonClasses (71ms)
	RebuildNativeTypeToScriptingClass (22ms)
	initialDomainReloadingComplete (136ms)
	LoadAllAssembliesAndSetupDomain (2285ms)
		LoadAssemblies (1709ms)
		RebuildTransferFunctionScriptingTraits (0ms)
		AnalyzeDomain (813ms)
			TypeCache.Refresh (721ms)
				TypeCache.ScanAssembly (668ms)
			ScanForSourceGeneratedMonoScriptInfo (74ms)
			ResolveRequiredComponents (17ms)
	FinalizeReload (2130ms)
		ReleaseScriptCaches (0ms)
		RebuildScriptCaches (0ms)
		SetupLoadedEditorAssemblies (1700ms)
			LogAssemblyErrors (0ms)
			InitializePlatformSupportModulesInManaged (19ms)
			SetLoadedEditorAssemblies (14ms)
			RefreshPlugins (0ms)
			BeforeProcessingInitializeOnLoad (218ms)
			ProcessInitializeOnLoadAttributes (1340ms)
			ProcessInitializeOnLoadMethodAttributes (78ms)
			AfterProcessingInitializeOnLoad (31ms)
			EditorAssembliesLoaded (1ms)
		ExecutionOrderSort2 (0ms)
		AwakeInstancesAfterBackupRestoration (17ms)
Launched and connected shader compiler UnityShaderCompiler.exe after 0.24 seconds
Refreshing native plugins compatible for Editor in 47.29 ms, found 4 plugins.
Preloading 0 native plugins for Editor in 0.00 ms.
Unloading 5671 Unused Serialized files (Serialized files now loaded: 0)
Unloading 87 unused Assets / (133.1 KB). Loaded Objects now: 6145.
Memory consumption went from 198.1 MB to 197.9 MB.
Total: 14.545800 ms (FindLiveObjects: 1.254200 ms CreateObjectMapping: 1.020200 ms MarkObjects: 11.674700 ms  DeleteObjects: 0.594700 ms)

AssetImportParameters requested are different than current active one (requested -> active):
  custom:container-demuxer-ogg: 62fdf1f143b41e24485cea50d1cbac27 -> 
  custom:video-codec-MediaFoundation-h265: 746d11721c4dcdbdad8f713fa42b33f4 -> 
  custom:video-decoder-ogg-theora: a1e56fd34408186e4bbccfd4996cb3dc -> 
  custom:framework-win-MediaFoundation: 216162199b28c13a410421893ffa2e32 -> 
  custom:CustomObjectIndexerAttribute: 756ad292c208cfabdd7b50bc23989ffe -> 
  custom:container-demuxer-webm: 4f35f7cbe854078d1ac9338744f61a02 -> 
  custom:container-muxer-webm: aa71ff27fc2769a1b78a27578f13a17b -> 
  custom:video-decoder-webm-vp8: 9c59270c3fd7afecdb556c50c9e8de78 -> 
  custom:SearchIndexIgnoredProperties: e643bd26f0fe6173181afceb89e7c659 -> 
  custom:AudioImporter_EditorPlatform: d09bf68614088b80899f8185d706f6e7 -> 
  custom:video-encoder-webm-vp8: eb34c28f22e8b96e1ab97ce403110664 -> 
  custom:audio-decoder-ogg-vorbis: bf7c407c2cedff20999df2af8eb42d56 -> 
  custom:audio-encoder-webm-vorbis: bf7c407c2cedff20999df2af8eb42d56 -> 
========================================================================
Received Import Request.
  Time since last request: 6672736.405772 seconds.
  path: Assets/Downloaded/Prefabs/Delete/MidTower F2.prefab
  artifactKey: Guid(9cc1406978db54744840eb8667563890) Importer(815301076,1909f56bfc062723c751e8b465ee728b)
Start importing Assets/Downloaded/Prefabs/Delete/MidTower F2.prefab using Guid(9cc1406978db54744840eb8667563890) Importer(815301076,1909f56bfc062723c751e8b465ee728b)  -> (artifact id: 'aa55574f96f6693a6ba44fc4efbb5dc0') in 0.298664 seconds
Number of updated asset objects reloaded before import = 0
Number of asset objects unloaded after import = 138
========================================================================
Received Import Request.
  Time since last request: 0.000042 seconds.
  path: Assets/Downloaded/Prefabs/CastleElements/Tower2.prefab
  artifactKey: Guid(19f15b97bd6e9c74ba1c87dc1447c538) Importer(815301076,1909f56bfc062723c751e8b465ee728b)
Start importing Assets/Downloaded/Prefabs/CastleElements/Tower2.prefab using Guid(19f15b97bd6e9c74ba1c87dc1447c538) Importer(815301076,1909f56bfc062723c751e8b465ee728b)  -> (artifact id: 'fd5f54f6195555bfa7e79800c78c7426') in 0.130850 seconds
Number of updated asset objects reloaded before import = 0
Number of asset objects unloaded after import = 260
========================================================================
Received Import Request.
  Time since last request: 0.000025 seconds.
  path: Assets/Downloaded/Prefabs/Delete/Lvl-3.prefab
  artifactKey: Guid(1d20d2f91dca09e469893a84f632e7db) Importer(815301076,1909f56bfc062723c751e8b465ee728b)
Start importing Assets/Downloaded/Prefabs/Delete/Lvl-3.prefab using Guid(1d20d2f91dca09e469893a84f632e7db) Importer(815301076,1909f56bfc062723c751e8b465ee728b)  -> (artifact id: 'bfd8bc2672f499b3b3cae2f497240c5a') in 0.261856 seconds
Number of updated asset objects reloaded before import = 0
Number of asset objects unloaded after import = 368
========================================================================
Received Import Request.
  Time since last request: 0.000055 seconds.
  path: Assets/Downloaded/Prefabs/CastleElements/HalfTower.prefab
  artifactKey: Guid(7e18e5802635e7d4fbb05c1b59a6fd61) Importer(815301076,1909f56bfc062723c751e8b465ee728b)
Start importing Assets/Downloaded/Prefabs/CastleElements/HalfTower.prefab using Guid(7e18e5802635e7d4fbb05c1b59a6fd61) Importer(815301076,1909f56bfc062723c751e8b465ee728b)  -> (artifact id: 'd8c3925e0fa3a8f0c9d3424434dd273e') in 0.103440 seconds
Number of updated asset objects reloaded before import = 0
Number of asset objects unloaded after import = 114
========================================================================
Received Import Request.
  Time since last request: 0.003342 seconds.
  path: Assets/Downloaded/Prefabs/Delete/MidTower F1.prefab
  artifactKey: Guid(ca7e62b2920d7d44a89fa507436658ac) Importer(815301076,1909f56bfc062723c751e8b465ee728b)
Start importing Assets/Downloaded/Prefabs/Delete/MidTower F1.prefab using Guid(ca7e62b2920d7d44a89fa507436658ac) Importer(815301076,1909f56bfc062723c751e8b465ee728b)  -> (artifact id: 'e6e283a71035ba0fa5e63b6023a16583') in 0.260889 seconds
Number of updated asset objects reloaded before import = 0
Number of asset objects unloaded after import = 138
========================================================================
Received Import Request.
  Time since last request: 0.000034 seconds.
  path: Assets/Downloaded/Prefabs/Delete/Lvl-1.prefab
  artifactKey: Guid(89fee6a3a602aad4aa3ae50d64537f13) Importer(815301076,1909f56bfc062723c751e8b465ee728b)
Start importing Assets/Downloaded/Prefabs/Delete/Lvl-1.prefab using Guid(89fee6a3a602aad4aa3ae50d64537f13) Importer(815301076,1909f56bfc062723c751e8b465ee728b)  -> (artifact id: '6118c540a68f93114f5a160dcfc60b02') in 0.947333 seconds
Number of updated asset objects reloaded before import = 0
Number of asset objects unloaded after import = 230
========================================================================
Received Import Request.
  Time since last request: 0.000035 seconds.
  path: Assets/Downloaded/Prefabs/Delete/Tower_Std2_Unit.prefab
  artifactKey: Guid(de963f8579baf034389af147c40431af) Importer(815301076,1909f56bfc062723c751e8b465ee728b)
Start importing Assets/Downloaded/Prefabs/Delete/Tower_Std2_Unit.prefab using Guid(de963f8579baf034389af147c40431af) Importer(815301076,1909f56bfc062723c751e8b465ee728b)  -> (artifact id: '68549654aee4a4881ddbcd0b2f415f99') in 0.109828 seconds
Number of updated asset objects reloaded before import = 0
Number of asset objects unloaded after import = 528
========================================================================
Received Import Request.
  Time since last request: 0.000041 seconds.
  path: Assets/Downloaded/Prefabs/CastleElements/Plane.prefab
  artifactKey: Guid(b060617ae8642f442a4282d4e8379bf1) Importer(815301076,1909f56bfc062723c751e8b465ee728b)
Start importing Assets/Downloaded/Prefabs/CastleElements/Plane.prefab using Guid(b060617ae8642f442a4282d4e8379bf1) Importer(815301076,1909f56bfc062723c751e8b465ee728b)  -> (artifact id: '6cf6236554b4961c3e4f59267e5272d0') in 0.030777 seconds
Number of updated asset objects reloaded before import = 0
Number of asset objects unloaded after import = 10
========================================================================
Received Import Request.
  Time since last request: 0.000022 seconds.
  path: Assets/Downloaded/Prefabs/Delete/Tower_Std_Unit.prefab
  artifactKey: Guid(3909819bd727a1349a83151fdff4848b) Importer(815301076,1909f56bfc062723c751e8b465ee728b)
Start importing Assets/Downloaded/Prefabs/Delete/Tower_Std_Unit.prefab using Guid(3909819bd727a1349a83151fdff4848b) Importer(815301076,1909f56bfc062723c751e8b465ee728b)  -> (artifact id: '8700d1f50334a9a38df1d8a660f36ecc') in 0.105722 seconds
Number of updated asset objects reloaded before import = 0
Number of asset objects unloaded after import = 518
========================================================================
Received Import Request.
  Time since last request: 0.000031 seconds.
  path: Assets/Downloaded/Prefabs/Delete/RollTower F1.prefab
  artifactKey: Guid(1f409f164babe694888eb0aa8e0b160a) Importer(815301076,1909f56bfc062723c751e8b465ee728b)
Start importing Assets/Downloaded/Prefabs/Delete/RollTower F1.prefab using Guid(1f409f164babe694888eb0aa8e0b160a) Importer(815301076,1909f56bfc062723c751e8b465ee728b)  -> (artifact id: 'e3523dcb4efc700f8f1db9b19ae51e23') in 0.064007 seconds
Number of updated asset objects reloaded before import = 0
Number of asset objects unloaded after import = 67
========================================================================
Received Import Request.
  Time since last request: 0.000062 seconds.
  path: Assets/Downloaded/Prefabs/Delete/Goblins_Outpost_StageX 1.prefab
  artifactKey: Guid(40a86fa3f22e9344e8b9fb872ff23f7b) Importer(815301076,1909f56bfc062723c751e8b465ee728b)
Start importing Assets/Downloaded/Prefabs/Delete/Goblins_Outpost_StageX 1.prefab using Guid(40a86fa3f22e9344e8b9fb872ff23f7b) Importer(815301076,1909f56bfc062723c751e8b465ee728b)  -> (artifact id: '88f5c3837675872cba62831a8263e801') in 0.372839 seconds
Number of updated asset objects reloaded before import = 0
Number of asset objects unloaded after import = 2843
========================================================================
Received Import Request.
  Time since last request: 0.000049 seconds.
  path: Assets/Downloaded/Prefabs/CastleElements/Window.prefab
  artifactKey: Guid(38c43d34ad2283f4f8886a068aee3d3e) Importer(815301076,1909f56bfc062723c751e8b465ee728b)
Start importing Assets/Downloaded/Prefabs/CastleElements/Window.prefab using Guid(38c43d34ad2283f4f8886a068aee3d3e) Importer(815301076,1909f56bfc062723c751e8b465ee728b)  -> (artifact id: '33b5931e81d09945657a4dbd84331f7f') in 0.051843 seconds
Number of updated asset objects reloaded before import = 0
Number of asset objects unloaded after import = 19
========================================================================
Received Prepare
Begin MonoManager ReloadAssembly
Symbol file LoadedFromMemory doesn't match image C:\Users\Axel\Desktop\2DPlatformer\TheGoblins\Goblins-Bash\Goblins Bash\Library\PackageCache\com.unity.visualscripting@1.8.0\Editor\VisualScripting.Core\Dependencies\YamlDotNet\Unity.VisualScripting.YamlDotNet.dll
Symbol file LoadedFromMemory doesn't match image C:\Users\Axel\Desktop\2DPlatformer\TheGoblins\Goblins-Bash\Goblins Bash\Library\PackageCache\com.unity.visualscripting@1.8.0\Editor\VisualScripting.Core\Dependencies\DotNetZip\Unity.VisualScripting.IonicZip.dll
Symbol file LoadedFromMemory is not a mono symbol file
- Loaded All Assemblies, in  8.969 seconds
Refreshing native plugins compatible for Editor in 28.87 ms, found 4 plugins.
Native extension for WindowsStandalone target not found
Native extension for WebGL target not found
[Package Manager] Server::EnsureServerProcessIsRunning -- launch failed, reason: Unity was launched with the -noUpm command-line argument
[Package Manager] UpmClient::Send -- Unable to send message (not connected to UPM process).
[Package Manager] Cannot connect to Unity Package Manager local server
Mono: successfully reloaded assembly
- Finished resetting the current domain, in 25.566 seconds
Domain Reload Profiling: 34502ms
	BeginReloadAssembly (6112ms)
		ExecutionOrderSort (0ms)
		DisableScriptedObjects (542ms)
		BackupInstance (0ms)
		ReleaseScriptingObjects (2ms)
		CreateAndSetChildDomain (214ms)
	RebuildCommonClasses (324ms)
	RebuildNativeTypeToScriptingClass (48ms)
	initialDomainReloadingComplete (250ms)
	LoadAllAssembliesAndSetupDomain (2201ms)
		LoadAssemblies (3693ms)
		RebuildTransferFunctionScriptingTraits (0ms)
		AnalyzeDomain (97ms)
			TypeCache.Refresh (37ms)
				TypeCache.ScanAssembly (0ms)
			ScanForSourceGeneratedMonoScriptInfo (1ms)
			ResolveRequiredComponents (57ms)
	FinalizeReload (25567ms)
		ReleaseScriptCaches (0ms)
		RebuildScriptCaches (0ms)
		SetupLoadedEditorAssemblies (6456ms)
			LogAssemblyErrors (0ms)
			InitializePlatformSupportModulesInManaged (35ms)
			SetLoadedEditorAssemblies (19ms)
			RefreshPlugins (0ms)
			BeforeProcessingInitializeOnLoad (353ms)
			ProcessInitializeOnLoadAttributes (5632ms)
			ProcessInitializeOnLoadMethodAttributes (230ms)
			AfterProcessingInitializeOnLoad (187ms)
			EditorAssembliesLoaded (1ms)
		ExecutionOrderSort2 (0ms)
		AwakeInstancesAfterBackupRestoration (460ms)
Refreshing native plugins compatible for Editor in 298.33 ms, found 4 plugins.
Preloading 0 native plugins for Editor in 0.00 ms.
Unloading 5620 Unused Serialized files (Serialized files now loaded: 0)
Unloading 50 unused Assets / (89.0 KB). Loaded Objects now: 6167.
Memory consumption went from 191.0 MB to 190.9 MB.
Total: 19.186700 ms (FindLiveObjects: 1.407400 ms CreateObjectMapping: 0.863000 ms MarkObjects: 16.030600 ms  DeleteObjects: 0.882700 ms)

Prepare: number of updated asset objects reloaded= 0
AssetImportParameters requested are different than current active one (requested -> active):
  custom:container-demuxer-ogg: 62fdf1f143b41e24485cea50d1cbac27 -> 
  custom:video-codec-MediaFoundation-h265: 746d11721c4dcdbdad8f713fa42b33f4 -> 
  custom:video-decoder-ogg-theora: a1e56fd34408186e4bbccfd4996cb3dc -> 
  custom:framework-win-MediaFoundation: 216162199b28c13a410421893ffa2e32 -> 
  custom:CustomObjectIndexerAttribute: 756ad292c208cfabdd7b50bc23989ffe -> 
  custom:container-demuxer-webm: 4f35f7cbe854078d1ac9338744f61a02 -> 
  custom:container-muxer-webm: aa71ff27fc2769a1b78a27578f13a17b -> 
  custom:video-decoder-webm-vp8: 9c59270c3fd7afecdb556c50c9e8de78 -> 
  custom:SearchIndexIgnoredProperties: e643bd26f0fe6173181afceb89e7c659 -> 
  custom:AudioImporter_EditorPlatform: d09bf68614088b80899f8185d706f6e7 -> 
  custom:video-encoder-webm-vp8: eb34c28f22e8b96e1ab97ce403110664 -> 
  custom:audio-decoder-ogg-vorbis: bf7c407c2cedff20999df2af8eb42d56 -> 
  custom:audio-encoder-webm-vorbis: bf7c407c2cedff20999df2af8eb42d56 -> 
========================================================================
Received Prepare
Begin MonoManager ReloadAssembly
Symbol file LoadedFromMemory doesn't match image C:\Users\Axel\Desktop\2DPlatformer\TheGoblins\Goblins-Bash\Goblins Bash\Library\PackageCache\com.unity.visualscripting@1.8.0\Editor\VisualScripting.Core\Dependencies\YamlDotNet\Unity.VisualScripting.YamlDotNet.dll
Symbol file LoadedFromMemory doesn't match image C:\Users\Axel\Desktop\2DPlatformer\TheGoblins\Goblins-Bash\Goblins Bash\Library\PackageCache\com.unity.visualscripting@1.8.0\Editor\VisualScripting.Core\Dependencies\DotNetZip\Unity.VisualScripting.IonicZip.dll
Symbol file LoadedFromMemory is not a mono symbol file
- Loaded All Assemblies, in  5.240 seconds
Refreshing native plugins compatible for Editor in 24.78 ms, found 4 plugins.
Native extension for WindowsStandalone target not found
Native extension for WebGL target not found
[Package Manager] Server::EnsureServerProcessIsRunning -- launch failed, reason: Unity was launched with the -noUpm command-line argument
[Package Manager] UpmClient::Send -- Unable to send message (not connected to UPM process).
[Package Manager] Cannot connect to Unity Package Manager local server
Mono: successfully reloaded assembly
- Finished resetting the current domain, in 89.491 seconds
Domain Reload Profiling: 94675ms
	BeginReloadAssembly (780ms)
		ExecutionOrderSort (0ms)
		DisableScriptedObjects (69ms)
		BackupInstance (0ms)
		ReleaseScriptingObjects (0ms)
		CreateAndSetChildDomain (189ms)
	RebuildCommonClasses (371ms)
	RebuildNativeTypeToScriptingClass (47ms)
	initialDomainReloadingComplete (779ms)
	LoadAllAssembliesAndSetupDomain (3205ms)
		LoadAssemblies (3540ms)
		RebuildTransferFunctionScriptingTraits (0ms)
		AnalyzeDomain (45ms)
			TypeCache.Refresh (18ms)
				TypeCache.ScanAssembly (0ms)
			ScanForSourceGeneratedMonoScriptInfo (0ms)
			ResolveRequiredComponents (25ms)
	FinalizeReload (89493ms)
		ReleaseScriptCaches (0ms)
		RebuildScriptCaches (0ms)
		SetupLoadedEditorAssemblies (3438ms)
			LogAssemblyErrors (0ms)
			InitializePlatformSupportModulesInManaged (65ms)
			SetLoadedEditorAssemblies (127ms)
			RefreshPlugins (0ms)
			BeforeProcessingInitializeOnLoad (999ms)
			ProcessInitializeOnLoadAttributes (2106ms)
			ProcessInitializeOnLoadMethodAttributes (109ms)
			AfterProcessingInitializeOnLoad (30ms)
			EditorAssembliesLoaded (1ms)
		ExecutionOrderSort2 (0ms)
		AwakeInstancesAfterBackupRestoration (55ms)
Refreshing native plugins compatible for Editor in 102.46 ms, found 4 plugins.
Preloading 0 native plugins for Editor in 0.00 ms.
Unloading 5621 Unused Serialized files (Serialized files now loaded: 0)
Unloading 50 unused Assets / (81.6 KB). Loaded Objects now: 6171.
Memory consumption went from 191.1 MB to 191.1 MB.
Total: 68.191700 ms (FindLiveObjects: 1.382900 ms CreateObjectMapping: 3.040500 ms MarkObjects: 59.299100 ms  DeleteObjects: 4.467000 ms)

Prepare: number of updated asset objects reloaded= 0
AssetImportParameters requested are different than current active one (requested -> active):
  custom:container-demuxer-ogg: 62fdf1f143b41e24485cea50d1cbac27 -> 
  custom:video-codec-MediaFoundation-h265: 746d11721c4dcdbdad8f713fa42b33f4 -> 
  custom:video-decoder-ogg-theora: a1e56fd34408186e4bbccfd4996cb3dc -> 
  custom:framework-win-MediaFoundation: 216162199b28c13a410421893ffa2e32 -> 
  custom:CustomObjectIndexerAttribute: 756ad292c208cfabdd7b50bc23989ffe -> 
  custom:container-demuxer-webm: 4f35f7cbe854078d1ac9338744f61a02 -> 
  custom:container-muxer-webm: aa71ff27fc2769a1b78a27578f13a17b -> 
  custom:video-decoder-webm-vp8: 9c59270c3fd7afecdb556c50c9e8de78 -> 
  custom:SearchIndexIgnoredProperties: e643bd26f0fe6173181afceb89e7c659 -> 
  custom:AudioImporter_EditorPlatform: d09bf68614088b80899f8185d706f6e7 -> 
  custom:video-encoder-webm-vp8: eb34c28f22e8b96e1ab97ce403110664 -> 
  custom:audio-decoder-ogg-vorbis: bf7c407c2cedff20999df2af8eb42d56 -> 
  custom:audio-encoder-webm-vorbis: bf7c407c2cedff20999df2af8eb42d56 -> 
